Compiling build :app to "target/cljsbuild/public/js/app.js" from ["src/cljs" "env/dev/cljs"]...
[36m----  Compiler Warning on   src/cljs/pokedex/core.cljs   line:77  column:25  ----[0m

  [1mUse of undeclared Var pokedex.core/path-for[0m

  [36m73[0m  [36m(fn [][0m
  [36m74[0m  [36m  (let [page (:current-page (session/get :route))][0m
  [36m75[0m  [36m    [:div[0m
  [36m76[0m  [36m     [:header[0m
  [33m77[0m  [1m      [:p [:a {:href (path-for :index)} "Home"] " | "[0m
  [0m  [0m  [33m                      ^--- Use of undeclared Var pokedex.core/path-for[0m
  [36m78[0m  [36m       [:a {:href (path-for :about)} "About pokedex"]]][0m
  [36m79[0m  [36m     [page][0m
  [36m80[0m  [36m     [:footer[0m
  [36m81[0m  [36m      [:p "pokedex was generated by the "[0m
  [36m82[0m  [36m       [:a {:href "https://github.com/reagent-project/reagent-template"} "Reagent Template"] "."]]])))[0m

[36m----  Compiler Warning : Please see src/cljs/pokedex/core.cljs  ----[0m
[36m----  Compiler Warning on   src/cljs/pokedex/core.cljs   line:78  column:22  ----[0m

  [1mUse of undeclared Var pokedex.core/path-for[0m

  [36m74[0m  [36m(let [page (:current-page (session/get :route))][0m
  [36m75[0m  [36m  [:div[0m
  [36m76[0m  [36m   [:header[0m
  [36m77[0m  [36m    [:p [:a {:href (path-for :index)} "Home"] " | "[0m
  [33m78[0m  [1m     [:a {:href (path-for :about)} "About pokedex"]]][0m
  [0m  [0m  [33m                 ^--- Use of undeclared Var pokedex.core/path-for[0m
  [36m79[0m  [36m   [page][0m
  [36m80[0m  [36m   [:footer[0m
  [36m81[0m  [36m    [:p "pokedex was generated by the "[0m
  [36m82[0m  [36m     [:a {:href "https://github.com/reagent-project/reagent-template"} "Reagent Template"] "."]]])))[0m

[36m----  Compiler Warning : Please see src/cljs/pokedex/core.cljs  ----[0m
[32mSuccessfully compiled build :app to "target/cljsbuild/public/js/app.js" in 0.457 seconds.[0m
notifying browser that file changed:  target/cljsbuild/public/js/out/goog/deps.js
notifying browser that file changed:  target/cljsbuild/public/js/out/cljs_deps.js
notifying browser that file changed:  target/cljsbuild/public/js/out/pokedex/core.js
Compiling build :app to "target/cljsbuild/public/js/app.js" from ["src/cljs" "env/dev/cljs"]...
[32mSuccessfully compiled build :app to "target/cljsbuild/public/js/app.js" in 0.301 seconds.[0m
notifying browser that file changed:  target/cljsbuild/public/js/out/pokedex/core.js
Compiling build :app to "target/cljsbuild/public/js/app.js" from ["src/cljs" "env/dev/cljs"]...
[32mSuccessfully compiled build :app to "target/cljsbuild/public/js/app.js" in 0.293 seconds.[0m
notifying browser that file changed:  target/cljsbuild/public/js/out/pokedex/core.js
Compiling build :app to "target/cljsbuild/public/js/app.js" from ["src/cljs" "env/dev/cljs"]...
[32mSuccessfully compiled build :app to "target/cljsbuild/public/js/app.js" in 0.285 seconds.[0m
notifying browser that file changed:  target/cljsbuild/public/js/out/pokedex/core.js
Compiling build :app to "target/cljsbuild/public/js/app.js" from ["src/cljs" "env/dev/cljs"]...
[32mSuccessfully compiled build :app to "target/cljsbuild/public/js/app.js" in 0.28 seconds.[0m
notifying browser that file changed:  target/cljsbuild/public/js/out/pokedex/core.js
Compiling build :app to "target/cljsbuild/public/js/app.js" from ["src/cljs" "env/dev/cljs"]...
[32mSuccessfully compiled build :app to "target/cljsbuild/public/js/app.js" in 0.333 seconds.[0m
notifying browser that file changed:  target/cljsbuild/public/js/out/pokedex/core.js
Compiling build :app to "target/cljsbuild/public/js/app.js" from ["src/cljs" "env/dev/cljs"]...
[31mFailed to compile build :app from ["src/cljs" "env/dev/cljs"] in 0.182 seconds.[0m
[36m----  Could not Analyze  src/cljs/pokedex/core.cljs  ----[0m

  [1mNo such namespace: taoensso.sente, could not locate taoensso/sente.cljs, taoensso/sente.cljc, or JavaScript source providing "taoensso.sente" [0m

[36m----  Analysis Error : Please see src/cljs/pokedex/core.cljs  ----[0m
Compiling build :app to "target/cljsbuild/public/js/app.js" from ["src/cljs" "env/dev/cljs"]...
[31mFailed to compile build :app from ["src/cljs" "env/dev/cljs"] in 0.184 seconds.[0m
[36m----  Could not Analyze  src/cljs/pokedex/core.cljs  ----[0m

  [1mNo such namespace: taoensso.sente, could not locate taoensso/sente.cljs, taoensso/sente.cljc, or JavaScript source providing "taoensso.sente" [0m

[36m----  Analysis Error : Please see src/cljs/pokedex/core.cljs  ----[0m
Compiling build :app to "target/cljsbuild/public/js/app.js" from ["src/cljs" "env/dev/cljs"]...
[31mFailed to compile build :app from ["src/cljs" "env/dev/cljs"] in 0.174 seconds.[0m
[36m----  Could not Analyze  src/cljs/pokedex/core.cljs  ----[0m

  [1mNo such namespace: taoensso.sente, could not locate taoensso/sente.cljs, taoensso/sente.cljc, or JavaScript source providing "taoensso.sente" [0m

[36m----  Analysis Error : Please see src/cljs/pokedex/core.cljs  ----[0m
Compiling build :app to "target/cljsbuild/public/js/app.js" from ["src/cljs" "env/dev/cljs"]...
[31mFailed to compile build :app from ["src/cljs" "env/dev/cljs"] in 0.182 seconds.[0m
[36m----  Could not Analyze  src/cljs/pokedex/core.cljs  ----[0m

  [1mNo such namespace: taoensso.sente, could not locate taoensso/sente.cljs, taoensso/sente.cljc, or JavaScript source providing "taoensso.sente" [0m

[36m----  Analysis Error : Please see src/cljs/pokedex/core.cljs  ----[0m
